mode: set
github.com/canadadry/gostruct-to-sql/pkg/ast/ast.go:7.31,7.49 1 1
github.com/canadadry/gostruct-to-sql/pkg/parser/parser.go:24.46,28.35 3 1
github.com/canadadry/gostruct-to-sql/pkg/parser/parser.go:32.2,33.22 2 1
github.com/canadadry/gostruct-to-sql/pkg/parser/parser.go:37.2,37.39 1 1
github.com/canadadry/gostruct-to-sql/pkg/parser/parser.go:59.2,59.15 1 1
github.com/canadadry/gostruct-to-sql/pkg/parser/parser.go:28.35,30.3 1 1
github.com/canadadry/gostruct-to-sql/pkg/parser/parser.go:33.22,35.3 1 1
github.com/canadadry/gostruct-to-sql/pkg/parser/parser.go:37.39,41.17 4 1
github.com/canadadry/gostruct-to-sql/pkg/parser/parser.go:45.3,51.25 2 1
github.com/canadadry/gostruct-to-sql/pkg/parser/parser.go:41.17,43.4 1 1
github.com/canadadry/gostruct-to-sql/pkg/parser/parser.go:51.25,52.31 1 1
github.com/canadadry/gostruct-to-sql/pkg/parser/parser.go:55.4,55.27 1 1
github.com/canadadry/gostruct-to-sql/pkg/parser/parser.go:52.31,54.5 1 1
github.com/canadadry/gostruct-to-sql/pkg/parser/parser.go:62.93,63.18 1 1
github.com/canadadry/gostruct-to-sql/pkg/parser/parser.go:95.2,95.68 1 1
github.com/canadadry/gostruct-to-sql/pkg/parser/parser.go:64.19,66.13 2 1
github.com/canadadry/gostruct-to-sql/pkg/parser/parser.go:70.3,70.29 1 1
github.com/canadadry/gostruct-to-sql/pkg/parser/parser.go:71.22,73.13 2 1
github.com/canadadry/gostruct-to-sql/pkg/parser/parser.go:88.3,88.30 1 1
github.com/canadadry/gostruct-to-sql/pkg/parser/parser.go:89.22,90.50 1 1
github.com/canadadry/gostruct-to-sql/pkg/parser/parser.go:93.3,93.29 1 0
github.com/canadadry/gostruct-to-sql/pkg/parser/parser.go:67.18,68.34 1 1
github.com/canadadry/gostruct-to-sql/pkg/parser/parser.go:74.18,76.18 2 1
github.com/canadadry/gostruct-to-sql/pkg/parser/parser.go:79.4,79.37 1 1
github.com/canadadry/gostruct-to-sql/pkg/parser/parser.go:80.15,82.18 2 1
github.com/canadadry/gostruct-to-sql/pkg/parser/parser.go:85.4,85.34 1 1
github.com/canadadry/gostruct-to-sql/pkg/parser/parser.go:76.18,78.5 1 1
github.com/canadadry/gostruct-to-sql/pkg/parser/parser.go:82.18,84.5 1 1
github.com/canadadry/gostruct-to-sql/pkg/parser/parser.go:90.50,92.4 1 1
github.com/canadadry/gostruct-to-sql/pkg/parser/parser.go:98.55,101.9 2 1
github.com/canadadry/gostruct-to-sql/pkg/parser/parser.go:104.2,104.18 1 1
github.com/canadadry/gostruct-to-sql/pkg/parser/parser.go:108.2,109.16 2 1
github.com/canadadry/gostruct-to-sql/pkg/parser/parser.go:112.2,112.24 1 1
github.com/canadadry/gostruct-to-sql/pkg/parser/parser.go:101.9,103.3 1 1
github.com/canadadry/gostruct-to-sql/pkg/parser/parser.go:104.18,106.3 1 0
github.com/canadadry/gostruct-to-sql/pkg/parser/parser.go:109.16,111.3 1 0
github.com/canadadry/gostruct-to-sql/pkg/parser/parser.go:115.48,118.2 2 1
github.com/canadadry/gostruct-to-sql/pkg/parser/parser.go:120.51,123.2 2 1
github.com/canadadry/gostruct-to-sql/pkg/generator/mysql.go:13.41,18.29 4 1
github.com/canadadry/gostruct-to-sql/pkg/generator/mysql.go:29.2,29.29 1 1
github.com/canadadry/gostruct-to-sql/pkg/generator/mysql.go:32.2,33.22 2 1
github.com/canadadry/gostruct-to-sql/pkg/generator/mysql.go:36.2,36.39 1 1
github.com/canadadry/gostruct-to-sql/pkg/generator/mysql.go:18.29,20.17 2 1
github.com/canadadry/gostruct-to-sql/pkg/generator/mysql.go:23.3,24.22 2 1
github.com/canadadry/gostruct-to-sql/pkg/generator/mysql.go:27.3,27.33 1 1
github.com/canadadry/gostruct-to-sql/pkg/generator/mysql.go:20.17,22.4 1 0
github.com/canadadry/gostruct-to-sql/pkg/generator/mysql.go:24.22,26.4 1 1
github.com/canadadry/gostruct-to-sql/pkg/generator/mysql.go:29.29,31.3 1 1
github.com/canadadry/gostruct-to-sql/pkg/generator/mysql.go:33.22,35.3 1 1
github.com/canadadry/gostruct-to-sql/pkg/generator/mysql.go:39.49,40.57 1 1
github.com/canadadry/gostruct-to-sql/pkg/generator/mysql.go:46.2,46.29 1 1
github.com/canadadry/gostruct-to-sql/pkg/generator/mysql.go:40.57,41.18 1 1
github.com/canadadry/gostruct-to-sql/pkg/generator/mysql.go:44.3,44.61 1 1
github.com/canadadry/gostruct-to-sql/pkg/generator/mysql.go:41.18,43.4 1 1
github.com/canadadry/gostruct-to-sql/pkg/generator/sqlite.go:13.42,18.29 4 1
github.com/canadadry/gostruct-to-sql/pkg/generator/sqlite.go:33.2,34.22 2 1
github.com/canadadry/gostruct-to-sql/pkg/generator/sqlite.go:37.2,37.39 1 1
github.com/canadadry/gostruct-to-sql/pkg/generator/sqlite.go:18.29,20.17 2 1
github.com/canadadry/gostruct-to-sql/pkg/generator/sqlite.go:23.3,24.22 2 1
github.com/canadadry/gostruct-to-sql/pkg/generator/sqlite.go:31.3,31.33 1 1
github.com/canadadry/gostruct-to-sql/pkg/generator/sqlite.go:20.17,22.4 1 0
github.com/canadadry/gostruct-to-sql/pkg/generator/sqlite.go:24.22,25.72 1 1
github.com/canadadry/gostruct-to-sql/pkg/generator/sqlite.go:25.72,27.5 1 1
github.com/canadadry/gostruct-to-sql/pkg/generator/sqlite.go:27.10,29.5 1 1
github.com/canadadry/gostruct-to-sql/pkg/generator/sqlite.go:34.22,36.3 1 1
github.com/canadadry/gostruct-to-sql/generator/generator.go:17.55,19.16 2 1
github.com/canadadry/gostruct-to-sql/generator/generator.go:22.2,22.20 1 1
github.com/canadadry/gostruct-to-sql/generator/generator.go:25.2,26.12 2 1
github.com/canadadry/gostruct-to-sql/generator/generator.go:19.16,21.3 1 0
github.com/canadadry/gostruct-to-sql/generator/generator.go:22.20,24.3 1 1
github.com/canadadry/gostruct-to-sql/generator/generator.go:31.52,33.16 2 1
github.com/canadadry/gostruct-to-sql/generator/generator.go:36.2,36.37 1 1
github.com/canadadry/gostruct-to-sql/generator/generator.go:39.2,39.12 1 1
github.com/canadadry/gostruct-to-sql/generator/generator.go:33.16,35.3 1 1
github.com/canadadry/gostruct-to-sql/generator/generator.go:36.37,38.3 1 0
github.com/canadadry/gostruct-to-sql/generator/generator.go:42.49,43.28 1 1
github.com/canadadry/gostruct-to-sql/generator/generator.go:49.2,49.13 1 1
github.com/canadadry/gostruct-to-sql/generator/generator.go:43.28,45.17 2 1
github.com/canadadry/gostruct-to-sql/generator/generator.go:45.17,47.4 1 1
github.com/canadadry/gostruct-to-sql/generator/generator.go:52.48,55.28 2 1
github.com/canadadry/gostruct-to-sql/generator/generator.go:71.2,71.41 1 1
github.com/canadadry/gostruct-to-sql/generator/generator.go:55.28,58.21 3 1
github.com/canadadry/gostruct-to-sql/generator/generator.go:66.3,66.17 1 1
github.com/canadadry/gostruct-to-sql/generator/generator.go:69.3,69.35 1 1
github.com/canadadry/gostruct-to-sql/generator/generator.go:59.16,60.35 1 0
github.com/canadadry/gostruct-to-sql/generator/generator.go:61.18,62.36 1 0
github.com/canadadry/gostruct-to-sql/generator/generator.go:63.11,64.36 1 1
github.com/canadadry/gostruct-to-sql/generator/generator.go:66.17,68.4 1 0
