mode: set
github.com/canadadry/gostruct-to-sql/pkg/parser/parser.go:14.46,18.35 3 1
github.com/canadadry/gostruct-to-sql/pkg/parser/parser.go:22.2,23.22 2 1
github.com/canadadry/gostruct-to-sql/pkg/parser/parser.go:27.2,27.39 1 1
github.com/canadadry/gostruct-to-sql/pkg/parser/parser.go:40.2,40.15 1 1
github.com/canadadry/gostruct-to-sql/pkg/parser/parser.go:18.35,20.3 1 1
github.com/canadadry/gostruct-to-sql/pkg/parser/parser.go:23.22,25.3 1 1
github.com/canadadry/gostruct-to-sql/pkg/parser/parser.go:27.39,30.17 3 1
github.com/canadadry/gostruct-to-sql/pkg/parser/parser.go:34.3,37.5 1 1
github.com/canadadry/gostruct-to-sql/pkg/parser/parser.go:30.17,32.4 1 1
github.com/canadadry/gostruct-to-sql/pkg/parser/parser.go:43.61,44.11 1 1
github.com/canadadry/gostruct-to-sql/pkg/parser/parser.go:48.2,48.65 1 1
github.com/canadadry/gostruct-to-sql/pkg/parser/parser.go:45.19,46.26 1 1
github.com/canadadry/gostruct-to-sql/pkg/generator/mysql.go:13.41,18.29 4 1
github.com/canadadry/gostruct-to-sql/pkg/generator/mysql.go:26.2,27.22 2 1
github.com/canadadry/gostruct-to-sql/pkg/generator/mysql.go:30.2,30.39 1 1
github.com/canadadry/gostruct-to-sql/pkg/generator/mysql.go:18.29,20.17 2 1
github.com/canadadry/gostruct-to-sql/pkg/generator/mysql.go:23.3,24.33 2 1
github.com/canadadry/gostruct-to-sql/pkg/generator/mysql.go:20.17,22.4 1 0
github.com/canadadry/gostruct-to-sql/pkg/generator/mysql.go:27.22,29.3 1 1
github.com/canadadry/gostruct-to-sql/pkg/generator/mysql.go:33.49,34.57 1 1
github.com/canadadry/gostruct-to-sql/pkg/generator/mysql.go:40.2,40.29 1 1
github.com/canadadry/gostruct-to-sql/pkg/generator/mysql.go:34.57,35.18 1 1
github.com/canadadry/gostruct-to-sql/pkg/generator/mysql.go:38.3,38.61 1 1
github.com/canadadry/gostruct-to-sql/pkg/generator/mysql.go:35.18,37.4 1 1
github.com/canadadry/gostruct-to-sql/pkg/generator/sqlite.go:9.42,14.29 4 1
github.com/canadadry/gostruct-to-sql/pkg/generator/sqlite.go:22.2,23.22 2 1
github.com/canadadry/gostruct-to-sql/pkg/generator/sqlite.go:26.2,26.39 1 1
github.com/canadadry/gostruct-to-sql/pkg/generator/sqlite.go:14.29,16.17 2 1
github.com/canadadry/gostruct-to-sql/pkg/generator/sqlite.go:19.3,20.33 2 1
github.com/canadadry/gostruct-to-sql/pkg/generator/sqlite.go:16.17,18.4 1 0
github.com/canadadry/gostruct-to-sql/pkg/generator/sqlite.go:23.22,25.3 1 1
github.com/canadadry/gostruct-to-sql/generator/generator.go:15.49,17.2 1 1
github.com/canadadry/gostruct-to-sql/generator/generator.go:19.46,21.2 1 0
github.com/canadadry/gostruct-to-sql/generator/generator.go:23.48,26.28 2 1
github.com/canadadry/gostruct-to-sql/generator/generator.go:45.2,45.41 1 1
github.com/canadadry/gostruct-to-sql/generator/generator.go:26.28,28.17 2 1
github.com/canadadry/gostruct-to-sql/generator/generator.go:31.3,32.21 2 1
github.com/canadadry/gostruct-to-sql/generator/generator.go:40.3,40.17 1 1
github.com/canadadry/gostruct-to-sql/generator/generator.go:43.3,43.35 1 1
github.com/canadadry/gostruct-to-sql/generator/generator.go:28.17,30.4 1 0
github.com/canadadry/gostruct-to-sql/generator/generator.go:33.16,34.37 1 0
github.com/canadadry/gostruct-to-sql/generator/generator.go:35.18,36.38 1 0
github.com/canadadry/gostruct-to-sql/generator/generator.go:37.11,38.38 1 1
github.com/canadadry/gostruct-to-sql/generator/generator.go:40.17,42.4 1 0
